<?xml version="1.0" encoding="UTF-8"?>
<TestRun id="c498b726-2bea-4ec6-bcfb-bdc7fc426af6" name="amaurer@USCMPAMAURER2 2011-03-01 22:09:57" runUser="US\amaurer" xmlns="http://microsoft.com/schemas/VisualStudio/TeamTest/2010">
  <TestSettings name="Local" id="089f8ab8-eb9e-4c06-9859-f8ddec686d98">
    <Description>These are default test settings for a local test run.</Description>
    <Deployment enabled="false" runDeploymentRoot="amaurer_USCMPAMAURER2 2011-03-01 22_09_57">
      <DeploymentItem filename="C:\Users\amaurer\Documents\Visual Studio 2010\Projects\MsTestMVC3\MsTestMVC3\bin\MsTestMVC3.dll" />
    </Deployment>
    <Execution>
      <TestTypeSpecific />
      <AgentRule name="Execution Agents">
      </AgentRule>
    </Execution>
  </TestSettings>
  <Times creation="2011-03-01T22:09:57.4610000-05:00" queuing="2011-03-01T22:09:57.4940000-05:00" start="2011-03-01T22:09:57.5340000-05:00" finish="2011-03-01T22:09:59.0980000-05:00" />
  <ResultSummary outcome="Failed">
    <Counters total="1" executed="1" error="0" failed="1" timeout="0" aborted="0" inconclusive="0" passedButRunAborted="0" notRunnable="0" notExecuted="0" disconnected="0" warning="0" passed="0" completed="0" inProgress="0" pending="0" />
  </ResultSummary>
  <TestDefinitions>
    <UnitTest name="TestDetailsRedirect" storage="c:\users\amaurer\documents\visual studio 2010\projects\mstestmvc3\mstestmvc3.test\bin\debug\mstestmvc3.test.dll" id="bdc101e7-e324-ea28-16a7-94c1efde4121">
      <Execution id="8c2059ba-ba7f-42c4-96c7-16cf6b726981" />
      <TestMethod codeBase="C:/Users/amaurer/Documents/Visual Studio 2010/Projects/MsTestMVC3/MsTestMVC3.Test/bin/Debug/MsTestMVC3.Test.DLL" adapterTypeName="Microsoft.VisualStudio.TestTools.TestTypes.Unit.UnitTestAdapter, Microsoft.VisualStudio.QualityTools.Tips.UnitTest.Adapter, Version=10.0.0.0, Culture=neutral, PublicKeyToken=b03f5f7f11d50a3a" className="MsTestMVC3.Test.Controllers.HomeControllerFixture, MsTestMVC3.Test, Version=1.0.0.0, Culture=neutral, PublicKeyToken=null" name="TestDetailsRedirect" />
    </UnitTest>
  </TestDefinitions>
  <TestLists>
    <TestList name="Results Not in a List" id="8c84fa94-04c1-424b-9868-57a2d4851a1d" />
    <TestList name="All Loaded Results" id="19431567-8539-422a-85d7-44ee4e166bda" />
  </TestLists>
  <TestEntries>
    <TestEntry testId="bdc101e7-e324-ea28-16a7-94c1efde4121" executionId="8c2059ba-ba7f-42c4-96c7-16cf6b726981" testListId="8c84fa94-04c1-424b-9868-57a2d4851a1d" />
  </TestEntries>
  <Results>
    <UnitTestResult executionId="8c2059ba-ba7f-42c4-96c7-16cf6b726981" testId="bdc101e7-e324-ea28-16a7-94c1efde4121" testName="TestDetailsRedirect" computerName="USCMPAMAURER2" duration="00:00:00.5596373" startTime="2011-03-01T22:09:57.5660000-05:00" endTime="2011-03-01T22:09:59.0320000-05:00" testType="13cdc9d9-ddb5-4fa4-a97d-d965ccfc6d4b" outcome="Failed" testListId="8c84fa94-04c1-424b-9868-57a2d4851a1d" relativeResultsDirectory="8c2059ba-ba7f-42c4-96c7-16cf6b726981">
      <Output>
        <ErrorInfo>
          <Message>Test method MsTestMVC3.Test.Controllers.HomeControllerFixture.TestDetailsRedirect threw exception: 
System.NullReferenceException: Object reference not set to an instance of an object.</Message>
          <StackTrace>    at MsTestMVC3.Test.Controllers.HomeControllerFixture.TestDetailsRedirect() in C:\Users\amaurer\Documents\Visual Studio 2010\Projects\MsTestMVC3\MsTestMVC3.Test\Controllers\HomeControllerFixture.cs:line 89
</StackTrace>
        </ErrorInfo>
      </Output>
    </UnitTestResult>
  </Results>
</TestRun>