<?xml version="1.0" encoding="UTF-8"?>
<TestRun id="efb4d82c-8d3d-4adb-9ad0-588d805e9f2c" name="amaurer@USCMPAMAURER2 2011-03-01 22:12:37" runUser="US\amaurer" xmlns="http://microsoft.com/schemas/VisualStudio/TeamTest/2010">
  <TestSettings name="Local" id="089f8ab8-eb9e-4c06-9859-f8ddec686d98">
    <Description>These are default test settings for a local test run.</Description>
    <Deployment enabled="false" runDeploymentRoot="amaurer_USCMPAMAURER2 2011-03-01 22_12_37">
      <DeploymentItem filename="C:\Users\amaurer\Documents\Visual Studio 2010\Projects\MsTestMVC3\MsTestMVC3\bin\MsTestMVC3.dll" />
    </Deployment>
    <Execution>
      <TestTypeSpecific />
      <AgentRule name="Execution Agents">
      </AgentRule>
    </Execution>
  </TestSettings>
  <Times creation="2011-03-01T22:12:37.8800000-05:00" queuing="2011-03-01T22:12:43.7260000-05:00" start="2011-03-01T22:12:44.4940000-05:00" finish="2011-03-01T22:13:12.9280000-05:00" />
  <ResultSummary outcome="Error">
    <Counters total="4" executed="2" passed="1" error="0" failed="0" timeout="0" aborted="1" inconclusive="0" passedButRunAborted="0" notRunnable="0" notExecuted="2" disconnected="0" warning="0" completed="0" inProgress="0" pending="0" />
    <RunInfos>
      <RunInfo computerName="USCMPAMAURER2" outcome="Error" timestamp="2011-03-01T22:13:12.8450000-05:00">
        <Text>Test host process exited unexpectedly.</Text>
      </RunInfo>
    </RunInfos>
  </ResultSummary>
  <TestDefinitions>
    <UnitTest name="TestMethod1" storage="c:\users\amaurer\documents\visual studio 2010\projects\mstestmvc3\mstestmvc3.test\bin\debug\mstestmvc3.test.dll" id="f0ba1494-07af-6fb5-3476-1dcfa56b7727">
      <Execution id="3477df28-ae6a-4281-85f1-05d206432c71" />
      <TestMethod codeBase="C:/Users/amaurer/Documents/Visual Studio 2010/Projects/MsTestMVC3/MsTestMVC3.Test/bin/Debug/MsTestMVC3.Test.DLL" adapterTypeName="Microsoft.VisualStudio.TestTools.TestTypes.Unit.UnitTestAdapter, Microsoft.VisualStudio.QualityTools.Tips.UnitTest.Adapter, Version=10.0.0.0, Culture=neutral, PublicKeyToken=b03f5f7f11d50a3a" className="MsTestMVC3.Test.UnitTest1, MsTestMVC3.Test, Version=1.0.0.0, Culture=neutral, PublicKeyToken=null" name="TestMethod1" />
    </UnitTest>
    <UnitTest name="TestDetailsReturnsView" storage="c:\users\amaurer\documents\visual studio 2010\projects\mstestmvc3\mstestmvc3.test\bin\debug\mstestmvc3.test.dll" id="c665bd21-b184-9428-709a-08c5a2588eac">
      <Execution id="58296092-fd88-4b1e-bc0b-ed272f98668d" />
      <TestMethod codeBase="C:/Users/amaurer/Documents/Visual Studio 2010/Projects/MsTestMVC3/MsTestMVC3.Test/bin/Debug/MsTestMVC3.Test.DLL" adapterTypeName="Microsoft.VisualStudio.TestTools.TestTypes.Unit.UnitTestAdapter, Microsoft.VisualStudio.QualityTools.Tips.UnitTest.Adapter, Version=10.0.0.0, Culture=neutral, PublicKeyToken=b03f5f7f11d50a3a" className="MsTestMVC3.Test.Controllers.HomeControllerFixture, MsTestMVC3.Test, Version=1.0.0.0, Culture=neutral, PublicKeyToken=null" name="TestDetailsReturnsView" />
    </UnitTest>
    <UnitTest name="TestDetailsRedirect" storage="c:\users\amaurer\documents\visual studio 2010\projects\mstestmvc3\mstestmvc3.test\bin\debug\mstestmvc3.test.dll" id="bdc101e7-e324-ea28-16a7-94c1efde4121">
      <Execution id="4347b374-7a6f-4415-a1af-c3aa64a6595c" />
      <TestMethod codeBase="C:/Users/amaurer/Documents/Visual Studio 2010/Projects/MsTestMVC3/MsTestMVC3.Test/bin/Debug/MsTestMVC3.Test.DLL" adapterTypeName="Microsoft.VisualStudio.TestTools.TestTypes.Unit.UnitTestAdapter, Microsoft.VisualStudio.QualityTools.Tips.UnitTest.Adapter, Version=10.0.0.0, Culture=neutral, PublicKeyToken=b03f5f7f11d50a3a" className="MsTestMVC3.Test.Controllers.HomeControllerFixture, MsTestMVC3.Test, Version=1.0.0.0, Culture=neutral, PublicKeyToken=null" name="TestDetailsRedirect" />
    </UnitTest>
    <UnitTest name="TestDetailsViewData" storage="c:\users\amaurer\documents\visual studio 2010\projects\mstestmvc3\mstestmvc3.test\bin\debug\mstestmvc3.test.dll" id="11327f7a-ab16-b7b9-c5d5-6fc68904c00d">
      <Execution id="b1bb5352-6018-449f-80ab-775f614b0b92" />
      <TestMethod codeBase="C:/Users/amaurer/Documents/Visual Studio 2010/Projects/MsTestMVC3/MsTestMVC3.Test/bin/Debug/MsTestMVC3.Test.DLL" adapterTypeName="Microsoft.VisualStudio.TestTools.TestTypes.Unit.UnitTestAdapter, Microsoft.VisualStudio.QualityTools.Tips.UnitTest.Adapter, Version=10.0.0.0, Culture=neutral, PublicKeyToken=b03f5f7f11d50a3a" className="MsTestMVC3.Test.Controllers.HomeControllerFixture, MsTestMVC3.Test, Version=1.0.0.0, Culture=neutral, PublicKeyToken=null" name="TestDetailsViewData" />
    </UnitTest>
  </TestDefinitions>
  <TestLists>
    <TestList name="Results Not in a List" id="8c84fa94-04c1-424b-9868-57a2d4851a1d" />
    <TestList name="All Loaded Results" id="19431567-8539-422a-85d7-44ee4e166bda" />
  </TestLists>
  <TestEntries>
    <TestEntry testId="11327f7a-ab16-b7b9-c5d5-6fc68904c00d" executionId="b1bb5352-6018-449f-80ab-775f614b0b92" testListId="8c84fa94-04c1-424b-9868-57a2d4851a1d" />
    <TestEntry testId="bdc101e7-e324-ea28-16a7-94c1efde4121" executionId="4347b374-7a6f-4415-a1af-c3aa64a6595c" testListId="8c84fa94-04c1-424b-9868-57a2d4851a1d" />
    <TestEntry testId="c665bd21-b184-9428-709a-08c5a2588eac" executionId="58296092-fd88-4b1e-bc0b-ed272f98668d" testListId="8c84fa94-04c1-424b-9868-57a2d4851a1d" />
    <TestEntry testId="f0ba1494-07af-6fb5-3476-1dcfa56b7727" executionId="3477df28-ae6a-4281-85f1-05d206432c71" testListId="8c84fa94-04c1-424b-9868-57a2d4851a1d" />
  </TestEntries>
  <Results>
    <UnitTestResult executionId="b1bb5352-6018-449f-80ab-775f614b0b92" testId="11327f7a-ab16-b7b9-c5d5-6fc68904c00d" testName="TestDetailsViewData" computerName="USCMPAMAURER2" duration="00:00:00.3231238" startTime="2011-03-01T22:12:45.2180000-05:00" endTime="2011-03-01T22:12:48.7530000-05:00" testType="13cdc9d9-ddb5-4fa4-a97d-d965ccfc6d4b" outcome="Passed" testListId="8c84fa94-04c1-424b-9868-57a2d4851a1d" relativeResultsDirectory="b1bb5352-6018-449f-80ab-775f614b0b92">
    </UnitTestResult>
    <UnitTestResult executionId="4347b374-7a6f-4415-a1af-c3aa64a6595c" testId="bdc101e7-e324-ea28-16a7-94c1efde4121" testName="TestDetailsRedirect" computerName="USCMPAMAURER2" duration="00:00:24.1070000" startTime="2011-03-01T22:12:48.7980000-05:00" endTime="2011-03-01T22:13:12.9050000-05:00" testType="13cdc9d9-ddb5-4fa4-a97d-d965ccfc6d4b" outcome="Aborted" testListId="8c84fa94-04c1-424b-9868-57a2d4851a1d" relativeResultsDirectory="4347b374-7a6f-4415-a1af-c3aa64a6595c">
    </UnitTestResult>
    <UnitTestResult executionId="58296092-fd88-4b1e-bc0b-ed272f98668d" testId="c665bd21-b184-9428-709a-08c5a2588eac" testName="TestDetailsReturnsView" computerName="USCMPAMAURER2" testType="13cdc9d9-ddb5-4fa4-a97d-d965ccfc6d4b" outcome="NotExecuted" testListId="8c84fa94-04c1-424b-9868-57a2d4851a1d" relativeResultsDirectory="58296092-fd88-4b1e-bc0b-ed272f98668d">
    </UnitTestResult>
    <UnitTestResult executionId="3477df28-ae6a-4281-85f1-05d206432c71" testId="f0ba1494-07af-6fb5-3476-1dcfa56b7727" testName="TestMethod1" computerName="USCMPAMAURER2" testType="13cdc9d9-ddb5-4fa4-a97d-d965ccfc6d4b" outcome="NotExecuted" testListId="8c84fa94-04c1-424b-9868-57a2d4851a1d" relativeResultsDirectory="3477df28-ae6a-4281-85f1-05d206432c71">
    </UnitTestResult>
  </Results>
</TestRun>