<?xml version="1.0" encoding="UTF-8"?>
<TestRun id="be1b7034-19a3-4f64-b079-2b18dce96229" name="amaurer@USCMPAMAURER2 2011-03-01 21:47:35" runUser="US\amaurer" xmlns="http://microsoft.com/schemas/VisualStudio/TeamTest/2010">
  <TestSettings name="Local" id="089f8ab8-eb9e-4c06-9859-f8ddec686d98">
    <Description>These are default test settings for a local test run.</Description>
    <Deployment enabled="false" runDeploymentRoot="amaurer_USCMPAMAURER2 2011-03-01 21_47_35">
      <DeploymentItem filename="C:\Users\amaurer\Documents\Visual Studio 2010\Projects\MsTestMVC3\MsTestMVC3\bin\MsTestMVC3.dll" />
    </Deployment>
    <Execution>
      <TestTypeSpecific />
      <AgentRule name="Execution Agents">
      </AgentRule>
    </Execution>
  </TestSettings>
  <Times creation="2011-03-01T21:47:35.4870000-05:00" queuing="2011-03-01T21:47:40.5410000-05:00" start="2011-03-01T21:47:41.2290000-05:00" finish="2011-03-01T21:47:43.6290000-05:00" />
  <ResultSummary outcome="Completed">
    <Counters total="2" executed="2" passed="2" error="0" failed="0" timeout="0" aborted="0" inconclusive="0" passedButRunAborted="0" notRunnable="0" notExecuted="0" disconnected="0" warning="0" completed="0" inProgress="0" pending="0" />
  </ResultSummary>
  <TestDefinitions>
    <UnitTest name="TestMethod1" storage="c:\users\amaurer\documents\visual studio 2010\projects\mstestmvc3\mstestmvc3.test\bin\debug\mstestmvc3.test.dll" id="f0ba1494-07af-6fb5-3476-1dcfa56b7727">
      <Execution id="0ec765cb-a98e-4191-b7a3-e21198e196a3" />
      <TestMethod codeBase="C:/Users/amaurer/Documents/Visual Studio 2010/Projects/MsTestMVC3/MsTestMVC3.Test/bin/Debug/MsTestMVC3.Test.DLL" adapterTypeName="Microsoft.VisualStudio.TestTools.TestTypes.Unit.UnitTestAdapter, Microsoft.VisualStudio.QualityTools.Tips.UnitTest.Adapter, Version=10.0.0.0, Culture=neutral, PublicKeyToken=b03f5f7f11d50a3a" className="MsTestMVC3.Test.UnitTest1, MsTestMVC3.Test, Version=1.0.0.0, Culture=neutral, PublicKeyToken=null" name="TestMethod1" />
    </UnitTest>
    <UnitTest name="TestDetailsActionReturnsView" storage="c:\users\amaurer\documents\visual studio 2010\projects\mstestmvc3\mstestmvc3.test\bin\debug\mstestmvc3.test.dll" id="1bd10269-e46e-0829-c29e-144f21126933">
      <Execution id="de965a21-3839-4a80-b647-b8e27961b224" />
      <TestMethod codeBase="C:/Users/amaurer/Documents/Visual Studio 2010/Projects/MsTestMVC3/MsTestMVC3.Test/bin/Debug/MsTestMVC3.Test.DLL" adapterTypeName="Microsoft.VisualStudio.TestTools.TestTypes.Unit.UnitTestAdapter, Microsoft.VisualStudio.QualityTools.Tips.UnitTest.Adapter, Version=10.0.0.0, Culture=neutral, PublicKeyToken=b03f5f7f11d50a3a" className="MsTestMVC3.Test.Controllers.HomeControllerFixture, MsTestMVC3.Test, Version=1.0.0.0, Culture=neutral, PublicKeyToken=null" name="TestDetailsActionReturnsView" />
    </UnitTest>
  </TestDefinitions>
  <TestLists>
    <TestList name="Results Not in a List" id="8c84fa94-04c1-424b-9868-57a2d4851a1d" />
    <TestList name="All Loaded Results" id="19431567-8539-422a-85d7-44ee4e166bda" />
  </TestLists>
  <TestEntries>
    <TestEntry testId="1bd10269-e46e-0829-c29e-144f21126933" executionId="de965a21-3839-4a80-b647-b8e27961b224" testListId="8c84fa94-04c1-424b-9868-57a2d4851a1d" />
    <TestEntry testId="f0ba1494-07af-6fb5-3476-1dcfa56b7727" executionId="0ec765cb-a98e-4191-b7a3-e21198e196a3" testListId="8c84fa94-04c1-424b-9868-57a2d4851a1d" />
  </TestEntries>
  <Results>
    <UnitTestResult executionId="de965a21-3839-4a80-b647-b8e27961b224" testId="1bd10269-e46e-0829-c29e-144f21126933" testName="TestDetailsActionReturnsView" computerName="USCMPAMAURER2" duration="00:00:00.1877688" startTime="2011-03-01T21:47:41.7750000-05:00" endTime="2011-03-01T21:47:43.3460000-05:00" testType="13cdc9d9-ddb5-4fa4-a97d-d965ccfc6d4b" outcome="Passed" testListId="8c84fa94-04c1-424b-9868-57a2d4851a1d" relativeResultsDirectory="de965a21-3839-4a80-b647-b8e27961b224">
    </UnitTestResult>
    <UnitTestResult executionId="0ec765cb-a98e-4191-b7a3-e21198e196a3" testId="f0ba1494-07af-6fb5-3476-1dcfa56b7727" testName="TestMethod1" computerName="USCMPAMAURER2" duration="00:00:00.0050298" startTime="2011-03-01T21:47:43.3730000-05:00" endTime="2011-03-01T21:47:43.4150000-05:00" testType="13cdc9d9-ddb5-4fa4-a97d-d965ccfc6d4b" outcome="Passed" testListId="8c84fa94-04c1-424b-9868-57a2d4851a1d" relativeResultsDirectory="0ec765cb-a98e-4191-b7a3-e21198e196a3">
    </UnitTestResult>
  </Results>
</TestRun>